This is LuaTeX, Version 1.07.0 (TeX Live 2018)  (format=lualatex 2019.4.24)  10 MAY 2019 15:44
 restricted system commands enabled.
 file:line:error style messages enabled.
**ty.tex
(./ty.tex
LaTeX2e <2018-04-01> patch level 2
Lua module: luaotfload-main 2017/01/29 2.80001 OpenType layout system.
Lua module: lualibs 2017-02-01 2.5 ConTeXt Lua standard libraries.
Lua module: lualibs-extended 2017-02-01 2.5 ConTeXt Lua libraries -- extended co
llection.(using write cache: /Users/suhail/Library/texlive/2018/texmf-var/luatex
-cache/generic)(using read cache: /usr/local/texlive/2018/texmf-var/luatex-cache
/generic /Users/suhail/Library/texlive/2018/texmf-var/luatex-cache/generic)
luaotfload | conf : Root cache directory is /Users/suhail/Library/texlive/2018/t
exmf-var/luatex-cache/generic/names.
luaotfload | init : Loading fontloader “fontloader-2017-02-11.lua” from kpse
-resolved path “/usr/local/texlive/2018/texmf-dist/tex/luatex/luaotfload/fontl
oader-2017-02-11.lua”.
Lua-only attribute luaotfload@state = 1
Lua-only attribute luaotfload@noligature = 2
Lua-only attribute luaotfload@syllabe = 3
luaotfload | init : Context OpenType loader version “3.027”
Inserting `luaotfload.node_processor' at position 1 in `pre_linebreak_filter'.
Inserting `luaotfload.node_processor' at position 1 in `hpack_filter'.
Inserting `luaotfload.define_font' at position 1 in `define_font'.
Lua-only attribute luaotfload_color_attribute = 4
luaotfload | conf : Root cache directory is /Users/suhail/Library/texlive/2018/t
exmf-var/luatex-cache/generic/names.
Inserting `luaotfload.aux.set_sscale_dimens' at position 1 in `luaotfload.patch_
font'.
Inserting `luaotfload.aux.patch_cambria_domh' at position 2 in `luaotfload.patch
_font'.
Inserting `luaotfload.aux.fixup_fontdata' at position 1 in `luaotfload.patch_fon
t_unsafe'.
Inserting `luaotfload.aux.set_capheight' at position 3 in `luaotfload.patch_font
'.
Inserting `luaotfload.rewrite_fontname' at position 4 in `luaotfload.patch_font'
.
luaotfload | main : initialization completed in 0.154 seconds
Babel <3.18> and hyphenation patterns for 1 language(s) loaded.
(/usr/local/texlive/2018/texmf-dist/tex/latex/base/report.cls
Document Class: report 2014/09/29 v1.4h Standard LaTeX document class
(/usr/local/texlive/2018/texmf-dist/tex/latex/base/size11.clo
File: size11.clo 2014/09/29 v1.4h Standard LaTeX file (size option)
luaotfload | db : Font names database loaded from /Users/suhail/Library/texlive/
2018/texmf-var/luatex-cache/generic/names/luaotfload-names.luc(load luc: /Users/
suhail/Library/texlive/2018/texmf-var/luatex-cache/generic/fonts/otl/lmroman10-r
egular.luc))
\c@part=\count80
\c@chapter=\count81
\c@section=\count82
\c@subsection=\count83
\c@subsubsection=\count84
\c@paragraph=\count85
\c@subparagraph=\count86
\c@figure=\count87
\c@table=\count88
\abovecaptionskip=\skip41
\belowcaptionskip=\skip42
\bibindent=\dimen102
) (/usr/local/texlive/2018/texmf-dist/tex/generic/babel/babel.sty
Package: babel 2018/02/14 3.18 The Babel package

(/usr/local/texlive/2018/texmf-dist/tex/generic/babel/switch.def
File: switch.def 2018/02/14 3.18 Babel switching mechanism
)
(/usr/local/texlive/2018/texmf-dist/tex/generic/babel/luababel.def
\l@dumylang=\language2
Package babel Info: Non-standard hyphenation setup on input line 113.
\l@nohyphenation=\language3
\l@german-x-2018-03-31=\language4
\l@ngerman-x-2018-03-31=\language5
\l@afrikaans=\language6
\l@ancientgreek=\language7
\l@ibycus=\language8
\l@arabic=\language9
\l@armenian=\language10
\l@basque=\language11
\l@belarusian=\language12
\l@bulgarian=\language13
\l@catalan=\language14
\l@pinyin=\language15
\l@churchslavonic=\language16
\l@coptic=\language17
\l@croatian=\language18
\l@czech=\language19
\l@danish=\language20
\l@dutch=\language21
\l@ukenglish=\language22
\l@usenglishmax=\language23
\l@esperanto=\language24
\l@estonian=\language25
\l@ethiopic=\language26
\l@farsi=\language27
\l@finnish=\language28
\l@french=\language29
\l@friulan=\language30
\l@galician=\language31
\l@georgian=\language32
\l@german=\language33
\l@ngerman=\language34
\l@swissgerman=\language35
\l@monogreek=\language36
\l@greek=\language37
\l@hungarian=\language38
\l@icelandic=\language39
\l@assamese=\language40
\l@bengali=\language41
\l@gujarati=\language42
\l@hindi=\language43
\l@kannada=\language44
\l@malayalam=\language45
\l@marathi=\language46
\l@oriya=\language47
\l@panjabi=\language48
\l@tamil=\language49
\l@telugu=\language50
\l@indonesian=\language51
\l@interlingua=\language52
\l@irish=\language53
\l@italian=\language54
\l@kurmanji=\language55
\l@latin=\language56
\l@classiclatin=\language57
\l@liturgicallatin=\language58
\l@latvian=\language59
\l@lithuanian=\language60
\l@mongolian=\language61
\l@mongolianlmc=\language62
\l@bokmal=\language63
\l@nynorsk=\language64
\l@occitan=\language65
\l@piedmontese=\language66
\l@polish=\language67
\l@portuguese=\language68
\l@romanian=\language69
\l@romansh=\language70
\l@russian=\language71
\l@sanskrit=\language72
\l@serbian=\language73
\l@serbianc=\language74
\l@slovak=\language75
\l@slovenian=\language76
\l@spanish=\language77
\l@swedish=\language78
\l@thai=\language79
\l@turkish=\language80
\l@turkmen=\language81
\l@ukrainian=\language82
\l@uppersorbian=\language83
\l@welsh=\language84
)
(/usr/local/texlive/2018/texmf-dist/tex/generic/babel-english/english.ldf
Language: english 2017/06/06 v3.3r English support from the babel system

(/usr/local/texlive/2018/texmf-dist/tex/generic/babel/babel.def
File: babel.def 2018/02/14 3.18 Babel common definitions
\babel@savecnt=\count89
\U@D=\dimen103

(/usr/local/texlive/2018/texmf-dist/tex/generic/babel/luababel.def))
\l@canadian = a dialect from \language\l@american 
\l@australian = a dialect from \language\l@british 
\l@newzealand = a dialect from \language\l@british 
))
(/usr/local/texlive/2018/texmf-dist/tex/lualatex/luacode/luacode.sty
Package: luacode 2012/01/23 v1.2a lua-in-tex helpers (mpg)

(/usr/local/texlive/2018/texmf-dist/tex/generic/oberdiek/ifluatex.sty
Package: ifluatex 2016/05/16 v1.4 Provides the ifluatex switch (HO)
Package ifluatex Info: LuaTeX detected.
)
(/usr/local/texlive/2018/texmf-dist/tex/luatex/luatexbase/luatexbase.sty
Package: luatexbase 2015/10/04 v1.3 luatexbase interface to LuaTeX 

(/usr/local/texlive/2018/texmf-dist/tex/luatex/ctablestack/ctablestack.sty
Package: ctablestack 2015/10/01 v1.0 Catcode table stable support
\@catcodetablestackcnt=\count90
)
\CatcodeTableOther=\catcodetable5
\CatcodeTableExpl=\catcodetable6
)
\luacode@lines=\toks14
\luacode@table@soft=\catcodetable7
)
Time passed parsing JSON: 0.0011951923370361 s\string
(/usr/local/texlive/2018/texmf-dist/tex/latex/fancyhdr/fancyhdr.sty
Package: fancyhdr 2017/06/30 v3.9a Extensive control of page headers and footers

\f@nch@headwidth=\skip43
\f@nch@O@elh=\skip44
\f@nch@O@erh=\skip45
\f@nch@O@olh=\skip46
\f@nch@O@orh=\skip47
\f@nch@O@elf=\skip48
\f@nch@O@erf=\skip49
\f@nch@O@olf=\skip50
\f@nch@O@orf=\skip51
)
(/usr/local/texlive/2018/texmf-dist/tex/latex/pgf/utilities/pgffor.sty
(/usr/local/texlive/2018/texmf-dist/tex/latex/pgf/utilities/pgfrcs.sty
(/usr/local/texlive/2018/texmf-dist/tex/generic/pgf/utilities/pgfutil-common.te
x
\pgfutil@everybye=\toks15
\pgfutil@tempdima=\dimen104
\pgfutil@tempdimb=\dimen105

(/usr/local/texlive/2018/texmf-dist/tex/generic/pgf/utilities/pgfutil-common-li
sts.tex))
(/usr/local/texlive/2018/texmf-dist/tex/generic/pgf/utilities/pgfutil-latex.def
\pgfutil@abb=\box26
(/usr/local/texlive/2018/texmf-dist/tex/latex/ms/everyshi.sty
Package: everyshi 2001/05/15 v3.00 EveryShipout Package (MS)
))
(/usr/local/texlive/2018/texmf-dist/tex/generic/pgf/utilities/pgfrcs.code.tex
Package: pgfrcs 2015/08/07 v3.0.1a (rcs-revision 1.31)
)) (/usr/local/texlive/2018/texmf-dist/tex/latex/pgf/utilities/pgfkeys.sty
(/usr/local/texlive/2018/texmf-dist/tex/generic/pgf/utilities/pgfkeys.code.tex
\pgfkeys@pathtoks=\toks16
\pgfkeys@temptoks=\toks17

(/usr/local/texlive/2018/texmf-dist/tex/generic/pgf/utilities/pgfkeysfiltered.c
ode.tex
\pgfkeys@tmptoks=\toks18
))) (/usr/local/texlive/2018/texmf-dist/tex/latex/pgf/math/pgfmath.sty
(/usr/local/texlive/2018/texmf-dist/tex/generic/pgf/math/pgfmath.code.tex
(/usr/local/texlive/2018/texmf-dist/tex/generic/pgf/math/pgfmathcalc.code.tex
(/usr/local/texlive/2018/texmf-dist/tex/generic/pgf/math/pgfmathutil.code.tex
\pgf@x=\dimen106
\pgf@xa=\dimen107
\pgf@xb=\dimen108
\pgf@xc=\dimen109
\pgf@y=\dimen110
\pgf@ya=\dimen111
\pgf@yb=\dimen112
\pgf@yc=\dimen113
\c@pgf@counta=\count91
\c@pgf@countb=\count92
\c@pgf@countc=\count93
\c@pgf@countd=\count94
)
(/usr/local/texlive/2018/texmf-dist/tex/generic/pgf/math/pgfmathparser.code.tex
\pgfmath@dimen=\dimen114
\pgfmath@count=\count95
\pgfmath@box=\box27
\pgfmath@toks=\toks19
\pgfmath@stack@operand=\toks20
\pgfmath@stack@operation=\toks21
)
(/usr/local/texlive/2018/texmf-dist/tex/generic/pgf/math/pgfmathfunctions.code.
tex
(/usr/local/texlive/2018/texmf-dist/tex/generic/pgf/math/pgfmathfunctions.basic
.code.tex)
(/usr/local/texlive/2018/texmf-dist/tex/generic/pgf/math/pgfmathfunctions.trigo
nometric.code.tex)
(/usr/local/texlive/2018/texmf-dist/tex/generic/pgf/math/pgfmathfunctions.rando
m.code.tex)
(/usr/local/texlive/2018/texmf-dist/tex/generic/pgf/math/pgfmathfunctions.compa
rison.code.tex)
(/usr/local/texlive/2018/texmf-dist/tex/generic/pgf/math/pgfmathfunctions.base.
code.tex)
(/usr/local/texlive/2018/texmf-dist/tex/generic/pgf/math/pgfmathfunctions.round
.code.tex)
(/usr/local/texlive/2018/texmf-dist/tex/generic/pgf/math/pgfmathfunctions.misc.
code.tex)
(/usr/local/texlive/2018/texmf-dist/tex/generic/pgf/math/pgfmathfunctions.integ
erarithmetics.code.tex)))
(/usr/local/texlive/2018/texmf-dist/tex/generic/pgf/math/pgfmathfloat.code.tex
\c@pgfmathroundto@lastzeros=\count96
)))
(/usr/local/texlive/2018/texmf-dist/tex/generic/pgf/utilities/pgffor.code.tex
Package: pgffor 2013/12/13 v3.0.1a (rcs-revision 1.25)

(/usr/local/texlive/2018/texmf-dist/tex/generic/pgf/math/pgfmath.code.tex)
\pgffor@iter=\dimen115
\pgffor@skip=\dimen116
\pgffor@stack=\toks22
\pgffor@toks=\toks23
))
(/usr/local/texlive/2018/texmf-dist/tex/latex/lastpage/lastpage.sty
Package: lastpage 2015/03/29 v1.2m Refers to last page's name (HMM; JPG)
)
(/usr/local/texlive/2018/texmf-dist/tex/latex/tools/tabularx.sty
Package: tabularx 2016/02/03 v2.11b `tabularx' package (DPC)

(/usr/local/texlive/2018/texmf-dist/tex/latex/tools/array.sty
Package: array 2018/04/07 v2.4g Tabular extension package (FMi)
\col@sep=\dimen117
\ar@mcellbox=\box28
\extrarowheight=\dimen118
\NC@list=\toks24
\extratabsurround=\skip52
\backup@length=\skip53
\ar@cellbox=\box29
)
\TX@col@width=\dimen119
\TX@old@table=\dimen120
\TX@old@col=\dimen121
\TX@target=\dimen122
\TX@delta=\dimen123
\TX@cols=\count97
\TX@ftn=\toks25
)
(/usr/local/texlive/2018/texmf-dist/tex/latex/geometry/geometry.sty
Package: geometry 2018/03/24 v5.7 Page Geometry

(/usr/local/texlive/2018/texmf-dist/tex/latex/graphics/keyval.sty
Package: keyval 2014/10/28 v1.15 key=value parser (DPC)
\KV@toks@=\toks26
)
(/usr/local/texlive/2018/texmf-dist/tex/generic/oberdiek/ifpdf.sty
Package: ifpdf 2017/03/15 v3.2 Provides the ifpdf switch
)
(/usr/local/texlive/2018/texmf-dist/tex/generic/oberdiek/ifvtex.sty
Package: ifvtex 2016/05/16 v1.6 Detect VTeX and its facilities (HO)
Package ifvtex Info: VTeX not detected.
)
(/usr/local/texlive/2018/texmf-dist/tex/generic/ifxetex/ifxetex.sty
Package: ifxetex 2010/09/12 v0.6 Provides ifxetex conditional
)
\Gm@cnth=\count98
\Gm@cntv=\count99
\c@Gm@tempcnt=\count100
\Gm@bindingoffset=\dimen124
\Gm@wd@mp=\dimen125
\Gm@odd@mp=\dimen126
\Gm@even@mp=\dimen127
\Gm@layoutwidth=\dimen128
\Gm@layoutheight=\dimen129
\Gm@layouthoffset=\dimen130
\Gm@layoutvoffset=\dimen131
\Gm@dimlist=\toks27
)
(/usr/local/texlive/2018/texmf-dist/tex/latex/datetime/datetime.sty
Package: datetime 2015/03/20 v2.60 Date Time Package

(/usr/local/texlive/2018/texmf-dist/tex/latex/etoolbox/etoolbox.sty
Package: etoolbox 2018/02/11 v2.5e e-TeX tools for LaTeX (JAW)
\etb@tempcnta=\count101
)
(/usr/local/texlive/2018/texmf-dist/tex/latex/fmtcount/fmtcount.sty
Package: fmtcount 2017/12/24 v3.05

(/usr/local/texlive/2018/texmf-dist/tex/latex/base/ifthen.sty
Package: ifthen 2014/09/29 v1.1c Standard LaTeX ifthen package (DPC)
)
(/usr/local/texlive/2018/texmf-dist/tex/latex/xkeyval/xkeyval.sty
Package: xkeyval 2014/12/03 v2.7a package option processing (HA)

(/usr/local/texlive/2018/texmf-dist/tex/generic/xkeyval/xkeyval.tex
(/usr/local/texlive/2018/texmf-dist/tex/generic/xkeyval/xkvutils.tex
\XKV@toks=\toks28
\XKV@tempa@toks=\toks29
)
\XKV@depth=\count102
File: xkeyval.tex 2014/12/03 v2.7a key=value parser (HA)
))
(/usr/local/texlive/2018/texmf-dist/tex/latex/fmtcount/fcprefix.sty
Package: fcprefix 2012/09/28

(/usr/local/texlive/2018/texmf-dist/tex/latex/fmtcount/fcnumparser.sty
Package: fcnumparser 2017/06/15
\fc@digit@counter=\count103
))
(/usr/local/texlive/2018/texmf-dist/tex/latex/amsmath/amsgen.sty
File: amsgen.sty 1999/11/30 v2.0 generic functions
\@emptytoks=\toks30
\ex@=\dimen132
)
\c@padzeroesN=\count104
\fc@tmpcatcode=\count105

(/usr/local/texlive/2018/texmf-dist/tex/latex/fmtcount/fc-english.def
File: fc-english.def 2016/01/12
)
\@DT@modctr=\count106
\@ordinalctr=\count107
\@orgargctr=\count108
\@strctr=\count109
\@tmpstrctr=\count110
\@DT@loopN=\count111
\@DT@X=\count112
)
(/usr/local/texlive/2018/texmf-dist/tex/latex/datetime/datetime-defaults.sty
Package: datetime-defaults 2013/09/10
)
\@day=\count113
\@month=\count114
\@year=\count115
\c@HOUR=\count116
\c@HOURXII=\count117
\c@MINUTE=\count118
\c@TOHOUR=\count119
\c@TOMINUTE=\count120
\c@SECOND=\count121
\currenthour=\count122
\currentminute=\count123
\currentsecond=\count124
Package datetime Info: No datetime.cfg file found, using default settings on inp
ut line 308.
\@dtctr=\count125
\dayofyear=\count126
\dayofweek=\count127
LaTeX Info: Redefining \today on input line 736.
\dt@a=\toks31
\dt@b=\toks32
)
(/usr/local/texlive/2018/texmf-dist/tex/latex/hyperref/hyperref.sty
Package: hyperref 2018/02/06 v6.86b Hypertext links for LaTeX

(/usr/local/texlive/2018/texmf-dist/tex/generic/oberdiek/hobsub-hyperref.sty
Package: hobsub-hyperref 2016/05/16 v1.14 Bundle oberdiek, subset hyperref (HO)

(/usr/local/texlive/2018/texmf-dist/tex/generic/oberdiek/hobsub-generic.sty
Package: hobsub-generic 2016/05/16 v1.14 Bundle oberdiek, subset generic (HO)
Package: hobsub 2016/05/16 v1.14 Construct package bundles (HO)
Package: infwarerr 2016/05/16 v1.4 Providing info/warning/error messages (HO)
Package: ltxcmds 2016/05/16 v1.23 LaTeX kernel commands for general use (HO)
Package hobsub Info: Skipping package `ifluatex' (already loaded).
Package hobsub Info: Skipping package `ifvtex' (already loaded).
Package: intcalc 2016/05/16 v1.2 Expandable calculations with integers (HO)
Package hobsub Info: Skipping package `ifpdf' (already loaded).
Package: etexcmds 2016/05/16 v1.6 Avoid name clashes with e-TeX commands (HO)
Package: kvsetkeys 2016/05/16 v1.17 Key value parser (HO)
Package: kvdefinekeys 2016/05/16 v1.4 Define keys (HO)
Package: luatex-loader 2016/05/16 v0.6 Lua module loader (HO)

(/usr/local/texlive/2018/texmf-dist/scripts/oberdiek/oberdiek.luatex.lua)
Package: pdftexcmds 2018/01/30 v0.27 Utility functions of pdfTeX for LuaTeX (HO)

Package pdftexcmds Info: \pdf@primitive is available.
Package pdftexcmds Info: \pdf@ifprimitive is available.
Package pdftexcmds Info: \pdfdraftmode found.
\pdftexcmds@toks=\toks33
Package: pdfescape 2016/05/16 v1.14 Implements pdfTeX's escape features (HO)
Package: bigintcalc 2016/05/16 v1.4 Expandable calculations on big integers (HO)

Package: bitset 2016/05/16 v1.2 Handle bit-vector datatype (HO)
Package: uniquecounter 2016/05/16 v1.3 Provide unlimited unique counter (HO)
)
Package hobsub Info: Skipping package `hobsub' (already loaded).
Package: letltxmacro 2016/05/16 v1.5 Let assignment for LaTeX macros (HO)
Package: hopatch 2016/05/16 v1.3 Wrapper for package hooks (HO)
Package: xcolor-patch 2016/05/16 xcolor patch
Package: atveryend 2016/05/16 v1.9 Hooks at the very end of document (HO)
Package: atbegshi 2016/06/09 v1.18 At begin shipout hook (HO)
Package: refcount 2016/05/16 v3.5 Data extraction from label references (HO)
Package: hycolor 2016/05/16 v1.8 Color options for hyperref/bookmark (HO)
)
(/usr/local/texlive/2018/texmf-dist/tex/latex/oberdiek/auxhook.sty
Package: auxhook 2016/05/16 v1.4 Hooks for auxiliary files (HO)
)
(/usr/local/texlive/2018/texmf-dist/tex/latex/oberdiek/kvoptions.sty
Package: kvoptions 2016/05/16 v3.12 Key value format for package options (HO)
)
\@linkdim=\dimen133
\Hy@linkcounter=\count128
\Hy@pagecounter=\count129

(/usr/local/texlive/2018/texmf-dist/tex/latex/hyperref/pd1enc.def
File: pd1enc.def 2018/02/06 v6.86b Hyperref: PDFDocEncoding definition (HO)
)
\Hy@SavedSpaceFactor=\count130

(/usr/local/texlive/2018/texmf-dist/tex/latex/latexconfig/hyperref.cfg
File: hyperref.cfg 2002/06/06 v1.2 hyperref configuration of TeXLive
)
Package hyperref Info: Hyper figures OFF on input line 4509.
Package hyperref Info: Link nesting OFF on input line 4514.
Package hyperref Info: Hyper index ON on input line 4517.
Package hyperref Info: Plain pages OFF on input line 4524.
Package hyperref Info: Backreferencing OFF on input line 4529.
Package hyperref Info: Implicit mode ON; LaTeX internals redefined.
Package hyperref Info: Bookmarks ON on input line 4762.
\c@Hy@tempcnt=\count131

(/usr/local/texlive/2018/texmf-dist/tex/latex/url/url.sty
\Urlmuskip=\muskip10
Package: url 2013/09/16  ver 3.4  Verb mode for urls, etc.
)
LaTeX Info: Redefining \url on input line 5115.
\XeTeXLinkMargin=\dimen134
\Fld@menulength=\count132
\Field@Width=\dimen135
\Fld@charsize=\dimen136
Package hyperref Info: Hyper figures OFF on input line 6369.
Package hyperref Info: Link nesting OFF on input line 6374.
Package hyperref Info: Hyper index ON on input line 6377.
Package hyperref Info: backreferencing OFF on input line 6384.
Package hyperref Info: Link coloring OFF on input line 6389.
Package hyperref Info: Link coloring with OCG OFF on input line 6394.
Package hyperref Info: PDF/A mode OFF on input line 6399.
LaTeX Info: Redefining \ref on input line 6439.
LaTeX Info: Redefining \pageref on input line 6443.
\Hy@abspage=\count133
\c@Item=\count134
\c@Hfootnote=\count135
)
Package hyperref Info: Driver (autodetected): hluatex.

(/usr/local/texlive/2018/texmf-dist/tex/latex/hyperref/hluatex.def
File: hluatex.def 2018/02/06 v6.86b Hyperref driver for luaTeX
\Fld@listcount=\count136
\c@bookmark@seq@number=\count137

(/usr/local/texlive/2018/texmf-dist/tex/latex/oberdiek/rerunfilecheck.sty
Package: rerunfilecheck 2016/05/16 v1.8 Rerun checks for auxiliary files (HO)
Package uniquecounter Info: New unique counter `rerunfilecheck' on input line 28
2.
)
\Hy@SectionHShift=\skip54
)
(/usr/local/texlive/2018/texmf-dist/tex/latex/markdown/markdown.sty
(/usr/local/texlive/2018/texmf-dist/tex/latex/graphics/graphicx.sty
Package: graphicx 2017/06/01 v1.1a Enhanced LaTeX Graphics (DPC,SPQR)

(/usr/local/texlive/2018/texmf-dist/tex/latex/graphics/graphics.sty
Package: graphics 2017/06/25 v1.2c Standard LaTeX Graphics (DPC,SPQR)

(/usr/local/texlive/2018/texmf-dist/tex/latex/graphics/trig.sty
Package: trig 2016/01/03 v1.10 sin cos tan (DPC)
)
(/usr/local/texlive/2018/texmf-dist/tex/latex/graphics-cfg/graphics.cfg
File: graphics.cfg 2016/06/04 v1.11 sample graphics configuration
)
Package graphics Info: Driver file: luatex.def on input line 99.

(/usr/local/texlive/2018/texmf-dist/tex/latex/graphics-def/luatex.def
File: luatex.def 2018/01/08 v1.0l Graphics/color driver for luatex
))
\Gin@req@height=\dimen137
\Gin@req@width=\dimen138
)
(/usr/local/texlive/2018/texmf-dist/tex/latex/fancyvrb/fancyvrb.sty
Package: fancyvrb 2008/02/07

Style option: `fancyvrb' v2.7a, with DG/SPQR fixes, and firstline=lastline fix 
<2008/02/07> (tvz)
\FV@CodeLineNo=\count138
\FV@InFile=\read1
\FV@TabBox=\box30
\c@FancyVerbLine=\count139
\FV@StepNumber=\count140
\FV@OutFile=\write3
)
(/usr/local/texlive/2018/texmf-dist/tex/latex/csvsimple/csvsimple.sty
Package: csvsimple 2016/07/01 version 1.20 LaTeX CSV file processing

(/usr/local/texlive/2018/texmf-dist/tex/latex/tools/shellesc.sty
Package: shellesc 2016/06/07 v0.02a unified shell escape interface for LaTeX
Package shellesc Info: Restricted shell escape enabled on input line 69.
)
\csv@file=\read2
\c@csvinputline=\count141
\c@csvrow=\count142
\c@csvcol=\count143
\csv@out=\write4
)
(/usr/local/texlive/2018/texmf-dist/tex/generic/markdown/markdown.tex
\markdownInputFileStream=\read3
\markdownOutputFileStream=\write5
(l.561) markdown.tex info: Using mode 2: Direct Lua access.
)
Package: markdown 2018/04/08 v2.5.6 markdown renderer

(/usr/local/texlive/2018/texmf-dist/tex/latex/paralist/paralist.sty
Package: paralist 2017/01/22 v2.7 Extended list environments
\pltopsep=\skip55
\plpartopsep=\skip56
\plitemsep=\skip57
\plparsep=\skip58
\pl@lab=\toks34
)
\markdownLaTeXCitationsCounter=\count144
)
(/usr/local/texlive/2018/texmf-dist/tex/latex/tools/longtable.sty
Package: longtable 2014/10/28 v4.11 Multi-page Table package (DPC)
\LTleft=\skip59
\LTright=\skip60
\LTpre=\skip61
\LTpost=\skip62
\LTchunksize=\count145
\LTcapwidth=\dimen139
\LT@head=\box31
\LT@firsthead=\box32
\LT@foot=\box33
\LT@lastfoot=\box34
\LT@cols=\count146
\LT@rows=\count147
\c@LT@tables=\count148
\c@LT@chunks=\count149
\LT@p@ftn=\toks35
)
Package hyperref Info: Option `colorlinks' set `true' on input line 233.


Package hyperref Warning: Option `bookmarks' has already been used,
(hyperref)                setting the option has no effect on input line 233.

(/usr/local/texlive/2018/texmf-dist/tex/latex/xcolor/xcolor.sty
Package: xcolor 2016/05/11 v2.12 LaTeX color extensions (UK)

(/usr/local/texlive/2018/texmf-dist/tex/latex/graphics-cfg/color.cfg
File: color.cfg 2016/01/02 v1.6 sample color configuration
)
Package xcolor Info: Driver file: luatex.def on input line 225.
Package xcolor Info: Model `cmy' substituted by `cmy0' on input line 1348.
Package xcolor Info: Model `hsb' substituted by `rgb' on input line 1352.
Package xcolor Info: Model `RGB' extended on input line 1364.
Package xcolor Info: Model `HTML' substituted by `rgb' on input line 1366.
Package xcolor Info: Model `Hsb' substituted by `hsb' on input line 1367.
Package xcolor Info: Model `tHsb' substituted by `hsb' on input line 1368.
Package xcolor Info: Model `HSB' substituted by `hsb' on input line 1369.
Package xcolor Info: Model `Gray' substituted by `gray' on input line 1370.
Package xcolor Info: Model `wave' substituted by `hsb' on input line 1371.

(/usr/local/texlive/2018/texmf-dist/tex/latex/xcolor/svgnam.def
File: svgnam.def 2016/05/11 v2.12 Predefined colors according to SVG 1.1 (UK)
)) (./ty.aux)
\openout1 = ty.aux

LaTeX Font Info:    Checking defaults for OML/cmm/m/it on input line 246.
LaTeX Font Info:    ... okay on input line 246.
LaTeX Font Info:    Checking defaults for T1/cmr/m/n on input line 246.
LaTeX Font Info:    ... okay on input line 246.
LaTeX Font Info:    Checking defaults for OT1/cmr/m/n on input line 246.
LaTeX Font Info:    ... okay on input line 246.
LaTeX Font Info:    Checking defaults for OMS/cmsy/m/n on input line 246.
LaTeX Font Info:    ... okay on input line 246.
LaTeX Font Info:    Checking defaults for TU/lmr/m/n on input line 246.
LaTeX Font Info:    ... okay on input line 246.
LaTeX Font Info:    Checking defaults for OMX/cmex/m/n on input line 246.
LaTeX Font Info:    ... okay on input line 246.
LaTeX Font Info:    Checking defaults for U/cmr/m/n on input line 246.
LaTeX Font Info:    ... okay on input line 246.
LaTeX Font Info:    Checking defaults for PD1/pdf/m/n on input line 246.
LaTeX Font Info:    ... okay on input line 246.

ABD: EveryShipout initializing macros
Package lastpage Info: Please have a look at the pageslts package at
(lastpage)             https://www.ctan.org/pkg/pageslts
(lastpage)             ! on input line 246.

*geometry* driver: auto-detecting
*geometry* detected driver: luatex
*geometry* verbose mode - [ preamble ] result:
* driver: luatex
* paper: a4paper
* layout: <same size as paper>
* layoutoffset:(h,v)=(0.0pt,0.0pt)
* modes: landscape 
* h-part:(L,W,R)=(57.81621pt, 729.41443pt, 57.81621pt)
* v-part:(T,H,B)=(57.81621pt, 481.87546pt, 57.81621pt)
* \paperwidth=845.04684pt
* \paperheight=597.50787pt
* \textwidth=729.41443pt
* \textheight=481.87546pt
* \oddsidemargin=-14.45378pt
* \evensidemargin=-14.45378pt
* \topmargin=-51.45378pt
* \headheight=12.0pt
* \headsep=25.0pt
* \topskip=11.0pt
* \footskip=30.0pt
* \marginparwidth=50.0pt
* \marginparsep=10.0pt
* \columnsep=10.0pt
* \skip\footins=10.0pt plus 4.0pt minus 2.0pt
* \hoffset=0.0pt
* \voffset=0.0pt
* \mag=1000
* \@twocolumnfalse
* \@twosidefalse
* \@mparswitchfalse
* \@reversemarginfalse
* (1in=72.27pt=25.4mm, 1cm=28.453pt)

\AtBeginShipoutBox=\box35
Package hyperref Info: Link coloring ON on input line 246.
(/usr/local/texlive/2018/texmf-dist/tex/latex/hyperref/nameref.sty
Package: nameref 2016/05/21 v2.44 Cross-referencing by name of section

(/usr/local/texlive/2018/texmf-dist/tex/generic/oberdiek/gettitlestring.sty
Package: gettitlestring 2016/05/16 v1.5 Cleanup title references (HO)
)
\c@section@level=\count150
)
LaTeX Info: Redefining \ref on input line 246.
LaTeX Info: Redefining \pageref on input line 246.
LaTeX Info: Redefining \nameref on input line 246.

(./ty.out) (./ty.out)
\@outlinefile=\write6

\openout6 = ty.out

(/usr/local/texlive/2018/texmf-dist/tex/context/base/mkii/supp-pdf.mkii
[Loading MPS to PDF converter (version 2006.09.02).]
\scratchcounter=\count151
\scratchdimen=\dimen140
\scratchbox=\box36
\nofMPsegments=\count152
\nofMParguments=\count153
\everyMPshowfont=\toks36
\MPscratchCnt=\count154
\MPscratchDim=\dimen141
\MPnumerator=\count155
\makeMPintoPDFobject=\count156
\everyMPtoPDFconversion=\toks37
) (/usr/local/texlive/2018/texmf-dist/tex/latex/oberdiek/epstopdf-base.sty
Package: epstopdf-base 2016/05/15 v2.6 Base part for package epstopdf

(/usr/local/texlive/2018/texmf-dist/tex/latex/oberdiek/grfext.sty
Package: grfext 2016/05/16 v1.2 Manage graphics extensions (HO)
)
Package epstopdf-base Info: Redefining graphics rule for `.eps' on input line 43
8.
Package grfext Info: Graphics extension search list:
(grfext)             [.pdf,.png,.jpg,.mps,.jpeg,.jbig2,.jb2,.PDF,.PNG,.JPG,.JPEG
,.JBIG2,.JB2,.eps]
(grfext)             \AppendGraphicsExtensions on input line 456.

(/usr/local/texlive/2018/texmf-dist/tex/latex/latexconfig/epstopdf-sys.cfg
File: epstopdf-sys.cfg 2010/07/13 v1.3 Configuration of (r)epstopdf for TeX Live

))(load luc: /Users/suhail/Library/texlive/2018/texmf-var/luatex-cache/generic/f
onts/otl/lmroman17-regular.luc)(load luc: /Users/suhail/Library/texlive/2018/tex
mf-var/luatex-cache/generic/fonts/otl/lmroman12-regular.luc)
LaTeX Font Info:    External font `cmex10' loaded for size
(Font)              <12> on input line 248.
LaTeX Font Info:    External font `cmex10' loaded for size
(Font)              <8> on input line 248.
LaTeX Font Info:    External font `cmex10' loaded for size
(Font)              <6> on input line 248.
 [1

{/usr/local/texlive/2018/texmf-var/fonts/map/pdftex/updmap/pdftex.map}](load luc
: /Users/suhail/Library/texlive/2018/texmf-var/luatex-cache/generic/fonts/otl/lm
roman10-bold.luc)
LaTeX Font Info:    External font `cmex10' loaded for size
(Font)              <10.95> on input line 255.

Package Fancyhdr Warning: \headheight is too small (12.0pt): 
 Make it at least 13.59999pt.
 We now make it that large for the rest of the document.
 This may cause the page layout to be inconsistent, however.


warning  (pdf backend): ignoring duplicate destination with the name 'page.1'
[1](load luc: /Users/suhail/Library/texlive/2018/texmf-var/luatex-cache/generic/
fonts/otl/lmroman12-bold.luc) (./ty.toc)
\tf@toc=\write7

\openout7 = ty.toc

Time passed rendering section: 0.00020694732666016 s
Time passed rendering section: 0.00049996376037598 s
Time passed rendering section: 4.9114227294922e-05 s
Time passed rendering section: 0.00022983551025391 s
Time passed rendering section: 0.00016117095947266 s
Time passed rendering section: 7.7009201049805e-05 s
Time passed rendering section: 0.00013303756713867 s
[2

]
Chapter 1.

\openout5 = ty.markdown.in
Package markdown Info: Buffering markdown input into the temporary input file "t
y.markdown.in" and scanning for the closing token sequence "\end{markdown}" on i
nput line 2.
Package markdown Info: The ending token sequence was found on input line 4.
Package markdown Info: Including markdown document "ty.markdown.in" on input lin
e 4.
(./_markdown_ty/ec5c66891ab429f90c835da399dabf92.md.tex)
Underfull \hbox (badness 10000) in paragraph at lines 1--7

 []


\openout5 = ty.markdown.in
Package markdown Info: Buffering markdown input into the temporary input file "t
y.markdown.in" and scanning for the closing token sequence "\end{markdown}" on i
nput line 10.
Package markdown Info: The ending token sequence was found on input line 12.
Package markdown Info: Including markdown document "ty.markdown.in" on input lin
e 12.
(./_markdown_ty/49a4ad569fd38c418abcb11a9207f485.md.tex)
\openout5 = ty.markdown.in

Package markdown Info: Buffering markdown input into the temporary input file "t
y.markdown.in" and scanning for the closing token sequence "\end{markdown}" on i
nput line 14.
Package markdown Info: The ending token sequence was found on input line 16.
Package markdown Info: Including markdown document "ty.markdown.in" on input lin
e 16.

(./_markdown_ty/880176ff9cd78b8b177656efeb981e66.md.tex)
\openout5 = ty.markdown.in

Package markdown Info: Buffering markdown input into the temporary input file "t
y.markdown.in" and scanning for the closing token sequence "\end{markdown}" on i
nput line 18.
Package markdown Info: The ending token sequence was found on input line 20.
Package markdown Info: Including markdown document "ty.markdown.in" on input lin
e 20.

(./_markdown_ty/2165433aafe4e5e587ce1e2646cc9d10.md.tex)
\openout5 = ty.markdown.in

Package markdown Info: Buffering markdown input into the temporary input file "t
y.markdown.in" and scanning for the closing token sequence "\end{markdown}" on i
nput line 22.
Package markdown Info: The ending token sequence was found on input line 24.
Package markdown Info: Including markdown document "ty.markdown.in" on input lin
e 24.

(./_markdown_ty/bb22c3324a3891b05217f2e75dae088e.md.tex)
\openout5 = ty.markdown.in

Package markdown Info: Buffering markdown input into the temporary input file "t
y.markdown.in" and scanning for the closing token sequence "\end{markdown}" on i
nput line 26.
Package markdown Info: The ending token sequence was found on input line 28.
Package markdown Info: Including markdown document "ty.markdown.in" on input lin
e 28.

(./_markdown_ty/1529cbc923e24d385d98b48685fecd73.md.tex)
Underfull \hbox (badness 10000) in paragraph at lines 76--76
[]|\TU/lmr/m/n/10.95 (1/SF) * (MDD_a) *
 []


Underfull \hbox (badness 1552) in paragraph at lines 76--76
[]|\TU/lmr/m/n/10.95 Based on min-i-mum daily
 []


Underfull \hbox (badness 1189) in paragraph at lines 76--76
[]|\TU/lmr/m/n/10.95 (1/100000) * (MBS_b) *
 []


Underfull \hbox (badness 10000) in paragraph at lines 76--76
\TU/lmr/m/n/10.95 cept-able Daily Ex-po-sure
 []


\openout5 = ty.markdown.in
Package markdown Info: Buffering markdown input into the temporary input file "t
y.markdown.in" and scanning for the closing token sequence "\end{markdown}" on i
nput line 78.
Package markdown Info: The ending token sequence was found on input line 80.
Package markdown Info: Including markdown document "ty.markdown.in" on input lin
e 80.
(./_markdown_ty/f46db409af241614d0c39162bc234368.md.tex)
\openout5 = ty.markdown.in

Package markdown Info: Buffering markdown input into the temporary input file "t
y.markdown.in" and scanning for the closing token sequence "\end{markdown}" on i
nput line 82.
Package markdown Info: The ending token sequence was found on input line 84.
Package markdown Info: Including markdown document "ty.markdown.in" on input lin
e 84.

(./_markdown_ty/12337cd5baff528eca961115fe066569.md.tex)
\openout5 = ty.markdown.in

Package markdown Info: Buffering markdown input into the temporary input file "t
y.markdown.in" and scanning for the closing token sequence "\end{markdown}" on i
nput line 86.
Package markdown Info: The ending token sequence was found on input line 88.
Package markdown Info: Including markdown document "ty.markdown.in" on input lin
e 88.

(./_markdown_ty/01e099a28a593b489d4866b7b5f10568.md.tex)
\openout5 = ty.markdown.in

Package markdown Info: Buffering markdown input into the temporary input file "t
y.markdown.in" and scanning for the closing token sequence "\end{markdown}" on i
nput line 90.
Package markdown Info: The ending token sequence was found on input line 92.
Package markdown Info: Including markdown document "ty.markdown.in" on input lin
e 92.

(./_markdown_ty/32b456bac08d4b497765786542f0131d.md.tex)
\openout5 = ty.markdown.in

Package markdown Info: Buffering markdown input into the temporary input file "t
y.markdown.in" and scanning for the closing token sequence "\end{markdown}" on i
nput line 94.
Package markdown Info: The ending token sequence was found on input line 96.
Package markdown Info: Including markdown document "ty.markdown.in" on input lin
e 96.

(./_markdown_ty/676e881e79a88c9ec84cb927b59effa5.md.tex)
\openout5 = ty.markdown.in

Package markdown Info: Buffering markdown input into the temporary input file "t
y.markdown.in" and scanning for the closing token sequence "\end{markdown}" on i
nput line 98.
Package markdown Info: The ending token sequence was found on input line 100.
Package markdown Info: Including markdown document "ty.markdown.in" on input lin
e 100.

(./_markdown_ty/b99309aa603dd599ec28964c71a00a3d.md.tex)
\openout5 = ty.markdown.in

Package markdown Info: Buffering markdown input into the temporary input file "t
y.markdown.in" and scanning for the closing token sequence "\end{markdown}" on i
nput line 102.
Package markdown Info: The ending token sequence was found on input line 104.
Package markdown Info: Including markdown document "ty.markdown.in" on input lin
e 104.

(./_markdown_ty/dcc4abf0add105923e154399c421fe08.md.tex)
\openout5 = ty.markdown.in

Package markdown Info: Buffering markdown input into the temporary input file "t
y.markdown.in" and scanning for the closing token sequence "\end{markdown}" on i
nput line 106.
Package markdown Info: The ending token sequence was found on input line 108.
Package markdown Info: Including markdown document "ty.markdown.in" on input lin
e 108.

(./_markdown_ty/d57d0d0912670ee84a9e14cfcef80b8e.md.tex)
\openout5 = ty.markdown.in

Package markdown Info: Buffering markdown input into the temporary input file "t
y.markdown.in" and scanning for the closing token sequence "\end{markdown}" on i
nput line 110.
Package markdown Info: The ending token sequence was found on input line 112.
Package markdown Info: Including markdown document "ty.markdown.in" on input lin
e 112.

(./_markdown_ty/1c47219c1e4578e97d444b3bb999f6eb.md.tex)
\openout5 = ty.markdown.in

Package markdown Info: Buffering markdown input into the temporary input file "t
y.markdown.in" and scanning for the closing token sequence "\end{markdown}" on i
nput line 114.
Package markdown Info: The ending token sequence was found on input line 116.
Package markdown Info: Including markdown document "ty.markdown.in" on input lin
e 116.

(./_markdown_ty/ca3e33e9c716c7ad6405a18182e28424.md.tex)
\openout5 = ty.markdown.in

Package markdown Info: Buffering markdown input into the temporary input file "t
y.markdown.in" and scanning for the closing token sequence "\end{markdown}" on i
nput line 118.
Package markdown Info: The ending token sequence was found on input line 120.
Package markdown Info: Including markdown document "ty.markdown.in" on input lin
e 120.

(./_markdown_ty/8cdbc791dcb901548408b40ed725f548.md.tex)
\openout5 = ty.markdown.in

Package markdown Info: Buffering markdown input into the temporary input file "t
y.markdown.in" and scanning for the closing token sequence "\end{markdown}" on i
nput line 122.
Package markdown Info: The ending token sequence was found on input line 124.
Package markdown Info: Including markdown document "ty.markdown.in" on input lin
e 124.

(./_markdown_ty/fd912b100c5bdec59c28565ab4d974ba.md.tex)
\openout5 = ty.markdown.in

Package markdown Info: Buffering markdown input into the temporary input file "t
y.markdown.in" and scanning for the closing token sequence "\end{markdown}" on i
nput line 126.
Package markdown Info: The ending token sequence was found on input line 128.
Package markdown Info: Including markdown document "ty.markdown.in" on input lin
e 128.

(./_markdown_ty/3b4bb78fdaf11c853271a0896f294979.md.tex)
Underfull \hbox (badness 10000) in paragraph at lines 1--130

 []

[3

Missing character: There is no μ (U+03BC) in font [lmroman10-regular]:+tlig;!
Missing character: There is no μ (U+03BC) in font [lmroman10-regular]:+tlig;!
] [4]
Chapter 2.

\openout5 = ty.markdown.in
Package markdown Info: Buffering markdown input into the temporary input file "t
y.markdown.in" and scanning for the closing token sequence "\end{markdown}" on i
nput line 134.
Package markdown Info: The ending token sequence was found on input line 136.
Package markdown Info: Including markdown document "ty.markdown.in" on input lin
e 136.
(./_markdown_ty/bab724b47228142db8a4bd7d4b4ba80a.md.tex)
Underfull \hbox (badness 10000) in paragraph at lines 287--287
[]|\TU/lmr/bx/n/10.95 Pro-duc-
 []


Underfull \hbox (badness 10000) in paragraph at lines 287--287
[]|\TU/lmr/bx/n/10.95 Worst
 []


Underfull \hbox (badness 10000) in paragraph at lines 287--287
\TU/lmr/bx/n/10.95 Limit
 []


Underfull \hbox (badness 10000) in paragraph at lines 287--287
[]|\TU/lmr/bx/n/10.95 Worst
 []


Underfull \hbox (badness 10000) in paragraph at lines 287--287
\TU/lmr/bx/n/10.95 Limit
 []


Underfull \hbox (badness 1237) in paragraph at lines 287--287
[]|\TU/lmr/bx/n/10.95 Next Pro-
 []


Underfull \hbox (badness 10000) in paragraph at lines 287--287
\TU/lmr/bx/n/10.95 duc-tion
 []


Underfull \hbox (badness 10000) in paragraph at lines 287--287
[]|\TU/lmr/bx/n/10.95 Val-i-da-tion
 []


Underfull \hbox (badness 10000) in paragraph at lines 287--287
[]|\TU/lmr/m/n/10.95 Febux-o-stat
 []


Underfull \hbox (badness 10000) in paragraph at lines 287--287
\TU/lmr/m/n/10.95 Tablets 40
 []


Underfull \hbox (badness 4595) in paragraph at lines 287--287
\TU/lmr/m/n/10.95 mg 80 mg
 []


Underfull \hbox (badness 10000) in paragraph at lines 287--287
[]|\TU/lmr/m/n/10.95 Pr2 (Dabi-
 []


Underfull \hbox (badness 10000) in paragraph at lines 287--287
\TU/lmr/m/n/10.95 ga-tran
 []


Underfull \hbox (badness 10000) in paragraph at lines 287--287
\TU/lmr/m/n/10.95 Etex-i-late
 []


Underfull \hbox (badness 10000) in paragraph at lines 287--287
[]|\TU/lmr/m/n/10.95 Pro-duc-tion
 []


Underfull \hbox (badness 10000) in paragraph at lines 287--287
\TU/lmr/m/n/10.95 Group -
 []


Underfull \hbox (badness 10000) in paragraph at lines 287--287
\TU/lmr/m/n/10.95 Pro-duc-
 []


Underfull \hbox (badness 10000) in paragraph at lines 287--287
\TU/lmr/m/n/10.95 tion-Group1
 []


Underfull \hbox (badness 10000) in paragraph at lines 287--287
[]|\TU/lmr/m/n/10.95 Dabi-ga-tran
 []


Underfull \hbox (badness 10000) in paragraph at lines 287--287
\TU/lmr/m/n/10.95 Etex-i-late
 []


Underfull \hbox (badness 10000) in paragraph at lines 287--287
[]|\TU/lmr/m/n/10.95 Dabi-ga-tran
 []


Underfull \hbox (badness 10000) in paragraph at lines 287--287
\TU/lmr/m/n/10.95 o-stat
 []


Underfull \hbox (badness 10000) in paragraph at lines 287--287
\TU/lmr/m/n/10.95 Tablets
 []


Underfull \hbox (badness 10000) in paragraph at lines 287--287
[]|\TU/lmr/m/n/10.95 Pro-duc-tion
 []


Underfull \hbox (badness 10000) in paragraph at lines 287--287
\TU/lmr/m/n/10.95 Group -
 []


Underfull \hbox (badness 10000) in paragraph at lines 287--287
\TU/lmr/m/n/10.95 Pro-duc-
 []


Underfull \hbox (badness 10000) in paragraph at lines 287--287
\TU/lmr/m/n/10.95 tion-Group1
 []


Underfull \hbox (badness 10000) in paragraph at lines 287--287
[]|\TU/lmr/m/n/10.95 Telmis-ar-tan
 []


Underfull \hbox (badness 10000) in paragraph at lines 287--287
\TU/lmr/m/n/10.95 Tablets 20
 []


Underfull \hbox (badness 4595) in paragraph at lines 287--287
\TU/lmr/m/n/10.95 mg 40 mg
 []


Underfull \hbox (badness 2065) in paragraph at lines 287--287
\TU/lmr/m/n/10.95 and 80 mg
 []


Underfull \hbox (badness 10000) in paragraph at lines 287--287
[]|\TU/lmr/m/n/10.95 Pr4 (Ro-
 []


Underfull \hbox (badness 10000) in paragraph at lines 287--287
\TU/lmr/m/n/10.95 su-vas-tatin
 []


Underfull \hbox (badness 10000) in paragraph at lines 287--287
\TU/lmr/m/n/10.95 Cal-cium
 []


Underfull \hbox (badness 10000) in paragraph at lines 287--287
\TU/lmr/m/n/10.95 Tablets 5
 []


Underfull \hbox (badness 4595) in paragraph at lines 287--287
\TU/lmr/m/n/10.95 mg 10 mg
 []


Underfull \hbox (badness 2065) in paragraph at lines 287--287
\TU/lmr/m/n/10.95 20 mg and
 []


Underfull \hbox (badness 10000) in paragraph at lines 287--287
[]|\TU/lmr/m/n/10.95 Pro-duc-tion
 []


Underfull \hbox (badness 10000) in paragraph at lines 287--287
\TU/lmr/m/n/10.95 Group -
 []


Underfull \hbox (badness 10000) in paragraph at lines 287--287
\TU/lmr/m/n/10.95 Pro-duc-
 []


Underfull \hbox (badness 10000) in paragraph at lines 287--287
\TU/lmr/m/n/10.95 tion-Group1
 []


Underfull \hbox (badness 10000) in paragraph at lines 287--287
[]|\TU/lmr/m/n/10.95 Ro-su-
 []


Underfull \hbox (badness 10000) in paragraph at lines 287--287
\TU/lmr/m/n/10.95 vas-tatin
 []


Underfull \hbox (badness 10000) in paragraph at lines 287--287
\TU/lmr/m/n/10.95 Cal-cium
 []


Underfull \hbox (badness 10000) in paragraph at lines 287--287
\TU/lmr/m/n/10.95 Tablets 5
 []


Underfull \hbox (badness 4595) in paragraph at lines 287--287
\TU/lmr/m/n/10.95 mg 10 mg
 []


Underfull \hbox (badness 2065) in paragraph at lines 287--287
\TU/lmr/m/n/10.95 20 mg and
 []


Underfull \hbox (badness 10000) in paragraph at lines 287--287
[]|\TU/lmr/m/n/10.95 Ro-su-vas-
 []


Underfull \hbox (badness 10000) in paragraph at lines 287--287
\TU/lmr/m/n/10.95 ar-tan
 []


Underfull \hbox (badness 10000) in paragraph at lines 287--287
\TU/lmr/m/n/10.95 Tablets
 []


Underfull \hbox (badness 10000) in paragraph at lines 287--287
[]|\TU/lmr/m/n/10.95 Pro-duc-tion
 []


Underfull \hbox (badness 10000) in paragraph at lines 287--287
\TU/lmr/m/n/10.95 Group -
 []


Underfull \hbox (badness 10000) in paragraph at lines 287--287
\TU/lmr/m/n/10.95 Pro-duc-
 []


Underfull \hbox (badness 10000) in paragraph at lines 287--287
\TU/lmr/m/n/10.95 tion-Group1
 []


Underfull \hbox (badness 10000) in paragraph at lines 287--287
[]|\TU/lmr/m/n/10.95 Pre-ga-balin
 []


Underfull \hbox (badness 4595) in paragraph at lines 287--287
\TU/lmr/m/n/10.95 mg 50 mg
 []


Underfull \hbox (badness 2922) in paragraph at lines 287--287
\TU/lmr/m/n/10.95 75 mg 100
 []


Underfull \hbox (badness 10000) in paragraph at lines 287--287
[]|\TU/lmr/m/n/10.95 Pr4 (Ro-
 []


Underfull \hbox (badness 10000) in paragraph at lines 287--287
\TU/lmr/m/n/10.95 su-vas-tatin
 []


Underfull \hbox (badness 10000) in paragraph at lines 287--287
\TU/lmr/m/n/10.95 Cal-cium
 []


Underfull \hbox (badness 10000) in paragraph at lines 287--287
\TU/lmr/m/n/10.95 Tablets 5
 []


Underfull \hbox (badness 4595) in paragraph at lines 287--287
\TU/lmr/m/n/10.95 mg 10 mg
 []


Underfull \hbox (badness 2065) in paragraph at lines 287--287
\TU/lmr/m/n/10.95 20 mg and
 []


Underfull \hbox (badness 10000) in paragraph at lines 287--287
[]|\TU/lmr/m/n/10.95 Test Prod-
 []


Underfull \hbox (badness 10000) in paragraph at lines 287--287
[]|\TU/lmr/m/n/10.95 Pr2 (Dabi-
 []


Underfull \hbox (badness 10000) in paragraph at lines 287--287
\TU/lmr/m/n/10.95 ga-tran
 []


Underfull \hbox (badness 10000) in paragraph at lines 287--287
\TU/lmr/m/n/10.95 Etex-i-late
 []


Underfull \hbox (badness 10000) in paragraph at lines 132--289

 []

[5

]
Overfull \vbox (100.62465pt too high) has occurred while \output is active []


[6]
Underfull \hbox (badness 10000) in paragraph at lines 362--362
[]|\TU/lmr/bx/n/10.95 Clean-ing
 []


Underfull \hbox (badness 10000) in paragraph at lines 362--362
\TU/lmr/bx/n/10.95 tion (Prod-
 []


Underfull \hbox (badness 10000) in paragraph at lines 362--362
[]|\TU/lmr/bx/n/10.95 Worst Limit
 []


Underfull \hbox (badness 10000) in paragraph at lines 362--362
[]|\TU/lmr/bx/n/10.95 Worst Limit
 []


Underfull \hbox (badness 10000) in paragraph at lines 362--362
[]|\TU/lmr/m/n/10.95 Scoop
 []


Underfull \hbox (badness 10000) in paragraph at lines 362--362
[]|\TU/lmr/m/n/10.95 Methanol
 []


Underfull \hbox (badness 10000) in paragraph at lines 362--362
\TU/lmr/m/n/10.95 Etex-i-late Cap-
 []


Underfull \hbox (badness 10000) in paragraph at lines 362--362
[]|\TU/lmr/m/n/10.95 Scoop
 []


Underfull \hbox (badness 10000) in paragraph at lines 362--362
[]|\TU/lmr/m/n/10.95 Methanol
 []


Underfull \hbox (badness 10000) in paragraph at lines 362--362
\TU/lmr/m/n/10.95 Etex-i-late Cap-
 []


Underfull \hbox (badness 10000) in paragraph at lines 362--362
[]|\TU/lmr/m/n/10.95 Iden-ti-cal-Group1
 []


Underfull \hbox (badness 10000) in paragraph at lines 362--362
[]|\TU/lmr/m/n/10.95 Methanol
 []


Underfull \hbox (badness 10000) in paragraph at lines 290--364

 []


Underfull \hbox (badness 10000) in paragraph at lines 365--367

 []


Underfull \hbox (badness 10000) in paragraph at lines 546--548

 []

[7]
Underfull \hbox (badness 10000) in paragraph at lines 605--607

 []

[8]
Chapter 3.

\openout5 = ty.markdown.in
Package markdown Info: Buffering markdown input into the temporary input file "t
y.markdown.in" and scanning for the closing token sequence "\end{markdown}" on i
nput line 608.
Package markdown Info: The ending token sequence was found on input line 610.
Package markdown Info: Including markdown document "ty.markdown.in" on input lin
e 610.
(./_markdown_ty/4daa598bf4994f7287f9d9337eafd598.md.tex)
Underfull \hbox (badness 10000) in paragraph at lines 1--613

 []


Underfull \hbox (badness 10000) in paragraph at lines 654--656

 []

[9

]
Chapter 4.

\openout5 = ty.markdown.in
Package markdown Info: Buffering markdown input into the temporary input file "t
y.markdown.in" and scanning for the closing token sequence "\end{markdown}" on i
nput line 657.
Package markdown Info: The ending token sequence was found on input line 659.
Package markdown Info: Including markdown document "ty.markdown.in" on input lin
e 659.
(./_markdown_ty/b7c128f29ecf63b2edf97261edffabab.md.tex)
Underfull \hbox (badness 10000) in paragraph at lines 786--786
[]|\TU/lmr/bx/n/10.95 Largest Daily
 []


Underfull \hbox (badness 2073) in paragraph at lines 786--786
[]|\TU/lmr/m/n/10.95 Dabi-ga-tran Etex-i-
 []


Underfull \hbox (badness 5374) in paragraph at lines 786--786
\TU/lmr/m/n/10.95 late Cap-sules 75
 []


Underfull \hbox (badness 2073) in paragraph at lines 786--786
[]|\TU/lmr/m/n/10.95 Dabi-ga-tran Etex-i-
 []


Underfull \hbox (badness 10000) in paragraph at lines 786--786
[]|\TU/lmr/m/n/10.95 Telmis-ar-tan
 []


Underfull \hbox (badness 10000) in paragraph at lines 786--786
\TU/lmr/m/n/10.95 Tablets 20 mg
 []


Underfull \hbox (badness 3568) in paragraph at lines 786--786
[]|\TU/lmr/m/n/10.95 Ro-su-vas-tatin Cal-
 []


Underfull \hbox (badness 10000) in paragraph at lines 786--786
[]|\TU/lmr/m/n/10.95 Oily So-lu-tion
 []


Underfull \hbox (badness 10000) in paragraph at lines 786--786
[]|\TU/lmr/m/n/10.95 Pre-ga-balin Cap-
 []


Underfull \hbox (badness 5446) in paragraph at lines 880--880
[]|\TU/lmr/bx/n/10.95 Min Ther-a-peu-
 []


Underfull \hbox (badness 1983) in paragraph at lines 880--880
[]|\TU/lmr/bx/n/10.95 Max Ther-a-peu-
 []


Underfull \hbox (badness 2073) in paragraph at lines 880--880
[]|\TU/lmr/m/n/10.95 Dabi-ga-tran Etex-i-
 []


Underfull \hbox (badness 10000) in paragraph at lines 1--882

 []

[10

] [11]
Chapter 5.

\openout5 = ty.markdown.in
Package markdown Info: Buffering markdown input into the temporary input file "t
y.markdown.in" and scanning for the closing token sequence "\end{markdown}" on i
nput line 883.
Package markdown Info: The ending token sequence was found on input line 885.
Package markdown Info: Including markdown document "ty.markdown.in" on input lin
e 885.
(./_markdown_ty/6cc12df0a33c632a397394ffe9ce7834.md.tex)
Underfull \hbox (badness 10000) in paragraph at lines 911--911
[]|\TU/lmr/bx/n/10.95 Equip-ment Group
 []


Underfull \hbox (badness 10000) in paragraph at lines 1--998

 []

[12

]
Chapter 6.

\openout5 = ty.markdown.in
Package markdown Info: Buffering markdown input into the temporary input file "t
y.markdown.in" and scanning for the closing token sequence "\end{markdown}" on i
nput line 999.
Package markdown Info: The ending token sequence was found on input line 1001.
Package markdown Info: Including markdown document "ty.markdown.in" on input lin
e 1001.
(./_markdown_ty/2b1a1c549afb4916c904f895eb4bc607.md.tex)
Underfull \hbox (badness 10000) in paragraph at lines 1082--1082
[]|\TU/lmr/bx/n/10.95 <<eqOrE-q-Group-String>>
 []


Underfull \hbox (badness 10000) in paragraph at lines 1082--1082
[]|\TU/lmr/bx/n/10.95 <<eqOrE-q-Group-String>>
 []


Overfull \hbox (121.22852pt too wide) in paragraph at lines 1082--1082
[]|\TU/lmr/m/n/10.95 DAPR009,DAWH001,DEPR022,DEPR023,DEPR024| 
 []


Underfull \hbox (badness 10000) in paragraph at lines 1082--1082
[]|\TU/lmr/m/n/10.95 Ro-su-vas-tatin Cal-cium
 []


Overfull \hbox (121.22852pt too wide) in paragraph at lines 1082--1082
[]|\TU/lmr/m/n/10.95 DAPR009,DAWH001,DEPR022,DEPR023,DEPR024| 
 []


Underfull \hbox (badness 10000) in paragraph at lines 1--1084

 []

[13

]
Chapter 7.

\openout5 = ty.markdown.in
Package markdown Info: Buffering markdown input into the temporary input file "t
y.markdown.in" and scanning for the closing token sequence "\end{markdown}" on i
nput line 1085.
Package markdown Info: The ending token sequence was found on input line 1087.
Package markdown Info: Including markdown document "ty.markdown.in" on input lin
e 1087.
(./_markdown_ty/cfe32869452f2285a4e88e2326e47d52.md.tex)
Underfull \hbox (badness 6944) in paragraph at lines 1168--1168
[]|\TU/lmr/m/n/10.95 Body weight (for LD50
 []


Underfull \hbox (badness 10000) in paragraph at lines 1168--1168
[]|\TU/lmr/m/n/10.95 In-di-rect Sur-face Swab
 []


Underfull \hbox (badness 10000) in paragraph at lines 1168--1168
[]|\TU/lmr/m/n/10.95 ind_swab_chem-i-
 []


Underfull \hbox (badness 10000) in paragraph at lines 1168--1168
[]|\TU/lmr/m/n/10.95 ind_swab_de-ter-
 []


Underfull \hbox (badness 5050) in paragraph at lines 1168--1168
[]|\TU/lmr/m/n/10.95 The fre-quency at which
 []


Underfull \hbox (badness 10000) in paragraph at lines 1--272

 []


AED: lastpage setting LastPage
[14

]
Package atveryend Info: Empty hook `BeforeClearDocument' on input line 273.
Package atveryend Info: Empty hook `AfterLastShipout' on input line 273.
 (./ty.aux)
Package atveryend Info: Executing hook `AtVeryEndDocument' on input line 273.
Package atveryend Info: Executing hook `AtEndAfterFileList' on input line 273.
Package rerunfilecheck Info: File `ty.out' has not changed.
(rerunfilecheck)             Checksum: 439E8AAB97FF998CA5581BE634336BCB;718.
)

Here is how much of LuaTeX's memory you used:
 15486 strings out of 494413
 125171,383344 words of node,token memory allocated
 422 words of node memory still in use:
   2 hlist, 1 vlist, 1 rule, 2 glue, 4 attribute, 57 glue_spec, 4 attribute_list
, 2 write nodes
   avail lists: 2:953,3:431,4:42,5:223,6:199,7:3731,8:692,9:848,10:14,11:275
 18815 multiletter control sequences out of 65536+600000
 38 fonts using 2848631 bytes
 40i,11n,57p,1004b,365s stack positions out of 5000i,500n,10000p,200000b,100000s
</usr/local/texlive/2018/texmf-dist/fonts/opentype/public/lm/lmroman12-bold.otf>
</usr/local/texlive/2018/texmf-dist/fonts/opentype/public/lm/lmroman10-bold.otf>
</usr/local/texlive/2018/texmf-dist/fonts/opentype/public/lm/lmroman10-regular.o
tf></usr/local/texlive/2018/texmf-dist/fonts/opentype/public/lm/lmroman12-regula
r.otf></usr/local/texlive/2018/texmf-dist/fonts/opentype/public/lm/lmroman17-reg
ular.otf>
Output written on ty.pdf (15 pages, 53544 bytes).

PDF statistics: 184 PDF objects out of 1000 (max. 8388607)
 150 compressed objects within 2 object streams
 31 named destinations out of 1000 (max. 131072)
 97 words of extra memory for PDF output out of 10000 (max. 100000000)

